# JRE version: Java(TM) SE Runtime Environment (21.0.2+13) (build 21.0.2+13-LTS-58)
# Java VM: Java HotSpot(TM) 64-Bit Server VM (21.0.2+13-LTS-58, mixed mode, sharing, tiered, compressed oops, compressed class ptrs, g1 gc, windows-amd64)
GC Precious Log:
 CardTable entry size: 512
 Card Set container configuration: InlinePtr #cards 5 size 8 Array Of Cards #cards 12 size 40 Howl #buckets 4 coarsen threshold 1843 Howl Bitmap #cards 512 size 80 coarsen threshold 460 Card regions per heap region 1 cards per card region 2048
 CPUs: 4 total, 4 available
 Memory: 3863M
 Large Page Support: Disabled
 NUMA Support: Disabled
 Compressed Oops: Enabled (32-bit)
 Heap Region Size: 1M
 Heap Min Capacity: 256M
 Heap Initial Capacity: 256M
 Heap Max Capacity: 512M
 Pre-touch: Disabled
 Parallel Workers: 4
 Concurrent Workers: 1
 Concurrent Refinement Workers: 4
 Periodic GC: Disabled
Heap:
 garbage-first heap   total 262144K, used 35397K [0x00000000e0000000, 0x0000000100000000)
  region size 1024K, 14 young (14336K), 9 survivors (9216K)
 Metaspace       used 35227K, committed 36352K, reserved 393216K
  class space    used 4910K, committed 5440K, reserved 327680K
GC Heap History (8 events):
Event: 8.560 GC heap before
{Heap before GC invocations=0 (full 0):
 garbage-first heap   total 262144K, used 13312K [0x00000000e0000000, 0x0000000100000000)
  region size 1024K, 13 young (13312K), 0 survivors (0K)
 Metaspace       used 800K, committed 960K, reserved 393216K
  class space    used 67K, committed 128K, reserved 327680K
}
Event: 8.595 GC heap after
{Heap after GC invocations=1 (full 0):
 garbage-first heap   total 262144K, used 1248K [0x00000000e0000000, 0x0000000100000000)
  region size 1024K, 2 young (2048K), 2 survivors (2048K)
 Metaspace       used 800K, committed 960K, reserved 393216K
  class space    used 67K, committed 128K, reserved 327680K
}
Event: 14.349 GC heap before
{Heap before GC invocations=1 (full 0):
 garbage-first heap   total 262144K, used 21728K [0x00000000e0000000, 0x0000000100000000)
  region size 1024K, 20 young (20480K), 2 survivors (2048K)
 Metaspace       used 2707K, committed 2880K, reserved 393216K
  class space    used 300K, committed 384K, reserved 327680K
}
Event: 14.364 GC heap after
{Heap after GC invocations=2 (full 0):
 garbage-first heap   total 262144K, used 9425K [0x00000000e0000000, 0x0000000100000000)
  region size 1024K, 3 young (3072K), 3 survivors (3072K)
 Metaspace       used 2707K, committed 2880K, reserved 393216K
  class space    used 300K, committed 384K, reserved 327680K
}
Event: 56.342 GC heap before
{Heap before GC invocations=2 (full 0):
 garbage-first heap   total 262144K, used 164049K [0x00000000e0000000, 0x0000000100000000)
  region size 1024K, 153 young (156672K), 3 survivors (3072K)
 Metaspace       used 20059K, committed 20672K, reserved 393216K
  class space    used 2896K, committed 3200K, reserved 327680K
}
Event: 56.455 GC heap after
{Heap after GC invocations=3 (full 0):
 garbage-first heap   total 262144K, used 23006K [0x00000000e0000000, 0x0000000100000000)
  region size 1024K, 16 young (16384K), 16 survivors (16384K)
 Metaspace       used 20059K, committed 20672K, reserved 393216K
  class space    used 2896K, committed 3200K, reserved 327680K
}
Event: 57.170 GC heap before
{Heap before GC invocations=3 (full 0):
 garbage-first heap   total 262144K, used 30174K [0x00000000e0000000, 0x0000000100000000)
  region size 1024K, 24 young (24576K), 16 survivors (16384K)
 Metaspace       used 20896K, committed 21504K, reserved 393216K
  class space    used 3024K, committed 3328K, reserved 327680K
}
Event: 57.219 GC heap after
{Heap after GC invocations=4 (full 0):
 garbage-first heap   total 262144K, used 24638K [0x00000000e0000000, 0x0000000100000000)
  region size 1024K, 2 young (2048K), 2 survivors (2048K)
 Metaspace       used 20896K, committed 21504K, reserved 393216K
  class space    used 3024K, committed 3328K, reserved 327680K
}

